Unity Editor version:    2021.3.1f1 (3b70a0754835)
Branch:                  2021.3/staging
Build type:              Release
Batch mode:              YES
macOS version:           Version 12.3.1 (Build 21E258)
Darwin version:          21.4.0
Architecture:            x86_64
Running under Rosetta:   NO
Available memory:        8192 MB
Using pre-set license
Pro License: YES

COMMAND LINE ARGUMENTS:
/Applications/Unity/Hub/Editor/2021.3.1f1/Unity.app/Contents/MacOS/Unity
-adb2
-batchMode
-noUpm
-name
AssetImportWorker0
-projectPath
/Users/kiran/Documents/GitHub/DruidGame/Tale of a Druid
-logFile
Logs/AssetImportWorker0.log
-srvPort
54543
Successfully changed project path to: /Users/kiran/Documents/GitHub/DruidGame/Tale of a Druid
/Users/kiran/Documents/GitHub/DruidGame/Tale of a Druid
[UnityMemory] Configuration Parameters - Can be set up in boot.config
    "memorysetup-bucket-allocator-granularity=16"
    "memorysetup-bucket-allocator-bucket-count=8"
    "memorysetup-bucket-allocator-block-size=33554432"
    "memorysetup-bucket-allocator-block-count=8"
    "memorysetup-main-allocator-block-size=16777216"
    "memorysetup-thread-allocator-block-size=16777216"
    "memorysetup-gfx-main-allocator-block-size=16777216"
    "memorysetup-gfx-thread-allocator-block-size=16777216"
    "memorysetup-cache-allocator-block-size=4194304"
    "memorysetup-typetree-allocator-block-size=2097152"
    "memorysetup-profiler-bucket-allocator-granularity=16"
    "memorysetup-profiler-bucket-allocator-bucket-count=8"
    "memorysetup-profiler-bucket-allocator-block-size=33554432"
    "memorysetup-profiler-bucket-allocator-block-count=8"
    "memorysetup-profiler-allocator-block-size=16777216"
    "memorysetup-profiler-editor-allocator-block-size=1048576"
    "memorysetup-temp-allocator-size-main=16777216"
    "memorysetup-job-temp-allocator-block-size=2097152"
    "memorysetup-job-temp-allocator-block-size-background=1048576"
    "memorysetup-job-temp-allocator-reduction-small-platforms=262144"
    "memorysetup-temp-allocator-size-background-worker=32768"
    "memorysetup-temp-allocator-size-job-worker=262144"
    "memorysetup-temp-allocator-size-preload-manager=33554432"
    "memorysetup-temp-allocator-size-nav-mesh-worker=65536"
    "memorysetup-temp-allocator-size-audio-worker=65536"
    "memorysetup-temp-allocator-size-cloud-worker=32768"
    "memorysetup-temp-allocator-size-gi-baking-worker=262144"
    "memorysetup-temp-allocator-size-gfx=262144"
Refreshing native plugins compatible for Editor in 118.16 ms, found 3 plugins.
Preloading 0 native plugins for Editor in 0.00 ms.
Initialize engine version: 2021.3.1f1 (3b70a0754835)
[Subsystems] Discovering subsystems at path /Applications/Unity/Hub/Editor/2021.3.1f1/Unity.app/Contents/Resources/UnitySubsystems
[Subsystems] Discovering subsystems at path /Users/kiran/Documents/GitHub/DruidGame/Tale of a Druid/Assets
GfxDevice: creating device client; threaded=0; jobified=0
Color LCD preferred device: Intel(R) Iris(TM) Plus Graphics (low power)
Metal devices available: 1
0: Intel(R) Iris(TM) Plus Graphics (low power)
Using device Intel(R) Iris(TM) Plus Graphics (low power)
Initializing Metal device caps: Intel(R) Iris(TM) Plus Graphics
Initialize mono
Mono path[0] = '/Applications/Unity/Hub/Editor/2021.3.1f1/Unity.app/Contents/Managed'
Mono path[1] = '/Applications/Unity/Hub/Editor/2021.3.1f1/Unity.app/Contents/MonoBleedingEdge/lib/mono/unityjit-macos'
Mono config path = '/Applications/Unity/Hub/Editor/2021.3.1f1/Unity.app/Contents/MonoBleedingEdge/etc'
Using monoOptions --debugger-agent=transport=dt_socket,embedding=1,server=y,suspend=n,address=127.0.0.1:56778
Begin MonoManager ReloadAssembly
Registering precompiled unity dll's ...
Register platform support module: /Applications/Unity/Hub/Editor/2021.3.1f1/PlaybackEngines/WebGLSupport/UnityEditor.WebGL.Extensions.dll
Register platform support module: /Applications/Unity/Hub/Editor/2021.3.1f1/Unity.app/Contents/PlaybackEngines/MacStandaloneSupport/UnityEditor.OSXStandalone.Extensions.dll
Registered in 0.000967 seconds.
Native extension for OSXStandalone target not found
Native extension for WebGL target not found
Refreshing native plugins compatible for Editor in 131.56 ms, found 3 plugins.
Preloading 0 native plugins for Editor in 0.00 ms.
Mono: successfully reloaded assembly
- Completed reload, in  0.939 seconds
Domain Reload Profiling:
	ReloadAssembly (939ms)
		BeginReloadAssembly (80ms)
			ExecutionOrderSort (0ms)
			DisableScriptedObjects (0ms)
			BackupInstance (0ms)
			ReleaseScriptingObjects (0ms)
			CreateAndSetChildDomain (1ms)
		EndReloadAssembly (697ms)
			LoadAssemblies (79ms)
			RebuildTransferFunctionScriptingTraits (0ms)
			SetupTypeCache (167ms)
			ReleaseScriptCaches (0ms)
			RebuildScriptCaches (47ms)
			SetupLoadedEditorAssemblies (415ms)
				LogAssemblyErrors (0ms)
				InitializePlatformSupportModulesInManaged (9ms)
				SetLoadedEditorAssemblies (1ms)
				RefreshPlugins (132ms)
				BeforeProcessingInitializeOnLoad (2ms)
				ProcessInitializeOnLoadAttributes (199ms)
				ProcessInitializeOnLoadMethodAttributes (72ms)
				AfterProcessingInitializeOnLoad (0ms)
				EditorAssembliesLoaded (0ms)
			ExecutionOrderSort2 (0ms)
			AwakeInstancesAfterBackupRestoration (0ms)
Platform modules already initialized, skipping
Registering precompiled user dll's ...
Registered in 0.005194 seconds.
Begin MonoManager ReloadAssembly
Symbol file LoadedFromMemory doesn't match image /Users/kiran/Documents/GitHub/DruidGame/Tale of a Druid/Library/PackageCache/com.unity.visualscripting@1.7.6/Editor/VisualScripting.Core/Dependencies/YamlDotNet/Unity.VisualScripting.YamlDotNet.dll
Symbol file LoadedFromMemory is not a mono symbol file
Symbol file LoadedFromMemory doesn't match image /Users/kiran/Documents/GitHub/DruidGame/Tale of a Druid/Library/PackageCache/com.unity.visualscripting@1.7.6/Editor/VisualScripting.Core/Dependencies/DotNetZip/Unity.VisualScripting.IonicZip.dll
Native extension for OSXStandalone target not found
Native extension for WebGL target not found
Refreshing native plugins compatible for Editor in 120.26 ms, found 3 plugins.
Preloading 0 native plugins for Editor in 0.00 ms.
Mono: successfully reloaded assembly
- Completed reload, in  1.572 seconds
Domain Reload Profiling:
	ReloadAssembly (1573ms)
		BeginReloadAssembly (110ms)
			ExecutionOrderSort (0ms)
			DisableScriptedObjects (7ms)
			BackupInstance (0ms)
			ReleaseScriptingObjects (0ms)
			CreateAndSetChildDomain (25ms)
		EndReloadAssembly (1301ms)
			LoadAssemblies (139ms)
			RebuildTransferFunctionScriptingTraits (0ms)
			SetupTypeCache (376ms)
			ReleaseScriptCaches (1ms)
			RebuildScriptCaches (83ms)
			SetupLoadedEditorAssemblies (610ms)
				LogAssemblyErrors (0ms)
				InitializePlatformSupportModulesInManaged (5ms)
				SetLoadedEditorAssemblies (0ms)
				RefreshPlugins (120ms)
				BeforeProcessingInitializeOnLoad (107ms)
				ProcessInitializeOnLoadAttributes (323ms)
				ProcessInitializeOnLoadMethodAttributes (54ms)
				AfterProcessingInitializeOnLoad (1ms)
				EditorAssembliesLoaded (0ms)
			ExecutionOrderSort2 (0ms)
			AwakeInstancesAfterBackupRestoration (5ms)
Platform modules already initialized, skipping
========================================================================
Worker process is ready to serve import requests
Launching external process: /Applications/Unity/Hub/Editor/2021.3.1f1/Unity.app/Contents/Tools/UnityShaderCompiler
Launched and connected shader compiler UnityShaderCompiler after 0.09 seconds
Refreshing native plugins compatible for Editor in 0.84 ms, found 3 plugins.
Preloading 0 native plugins for Editor in 0.00 ms.
Unloading 3948 Unused Serialized files (Serialized files now loaded: 0)
Unloading 43 unused Assets / (62.5 MB). Loaded Objects now: 4398.
Memory consumption went from 254.5 MB to 192.1 MB.
Total: 8.872346 ms (FindLiveObjects: 0.391739 ms CreateObjectMapping: 0.362171 ms MarkObjects: 7.912230 ms  DeleteObjects: 0.204630 ms)

AssetImportParameters requested are different than current active one (requested -> active):
  custom:video-decoder-ogg-theora: a1e56fd34408186e4bbccfd4996cb3dc -> 
  custom:container-muxer-webm: aa71ff27fc2769a1b78a27578f13a17b -> 
  custom:container-demuxer-webm: 4f35f7cbe854078d1ac9338744f61a02 -> 
  custom:video-encoder-webm-vp8: eb34c28f22e8b96e1ab97ce403110664 -> 
  custom:framework-osx-AVFoundation: e770b220cccbd017edd2c1fefb359320 -> 
  custom:audio-encoder-webm-vorbis: bf7c407c2cedff20999df2af8eb42d56 -> 
  custom:container-demuxer-ogg: 62fdf1f143b41e24485cea50d1cbac27 -> 
  custom:video-decoder-webm-vp8: 9c59270c3fd7afecdb556c50c9e8de78 -> 
  custom:audio-decoder-ogg-vorbis: bf7c407c2cedff20999df2af8eb42d56 -> 
========================================================================
Received Import Request.
  Time since last request: 26195.255230 seconds.
  path: Assets/Animation/goblinAnimation
  artifactKey: Guid(f3228ec4618ba4173816428a48e4dcab) Importer(815301076,1909f56bfc062723c751e8b465ee728b)
Start importing Assets/Animation/goblinAnimation using Guid(f3228ec4618ba4173816428a48e4dcab) Importer(815301076,1909f56bfc062723c751e8b465ee728b)  -> (artifact id: '3e8ad535d33e22cb7098726c233deb66') in 0.012147 seconds 
========================================================================
Received Import Request.
  Time since last request: 21.763958 seconds.
  path: Assets/Animation/goblinAnimation/pixil-frame-0.png
  artifactKey: Guid(c0ea8d3309efd421782ccf6b1c44902f) Importer(815301076,1909f56bfc062723c751e8b465ee728b)
Start importing Assets/Animation/goblinAnimation/pixil-frame-0.png using Guid(c0ea8d3309efd421782ccf6b1c44902f) Importer(815301076,1909f56bfc062723c751e8b465ee728b)  -> (artifact id: '9fe7cc2f19c15179b9c23d47fd27ef42') in 0.946055 seconds 
========================================================================
Received Import Request.
  Time since last request: 11.575224 seconds.
  path: Assets/Animation/goblinAnimation/goblinIdle
  artifactKey: Guid(322c4051d20254a36ad844f6f9856956) Importer(815301076,1909f56bfc062723c751e8b465ee728b)
Start importing Assets/Animation/goblinAnimation/goblinIdle using Guid(322c4051d20254a36ad844f6f9856956) Importer(815301076,1909f56bfc062723c751e8b465ee728b)  -> (artifact id: '652397331afe9a1375cba2fc9376de27') in 0.001897 seconds 
========================================================================
Received Import Request.
  Time since last request: 12.380611 seconds.
  path: Assets/Animation/goblinAnimation/goblinRun
  artifactKey: Guid(8ed66ee71c98f47ed99c1cdab81c5ecf) Importer(815301076,1909f56bfc062723c751e8b465ee728b)
Start importing Assets/Animation/goblinAnimation/goblinRun using Guid(8ed66ee71c98f47ed99c1cdab81c5ecf) Importer(815301076,1909f56bfc062723c751e8b465ee728b)  -> (artifact id: '4d7b9b7b1f77d703ec87f572724e271c') in 0.002067 seconds 
========================================================================
Received Import Request.
  Time since last request: 17.935244 seconds.
  path: Assets/Animation/goblinAnimation/goblinRun/pixil-frame-0.png
  artifactKey: Guid(781a25fe7e7154146b6c000dbb4202b6) Importer(815301076,1909f56bfc062723c751e8b465ee728b)
Start importing Assets/Animation/goblinAnimation/goblinRun/pixil-frame-0.png using Guid(781a25fe7e7154146b6c000dbb4202b6) Importer(815301076,1909f56bfc062723c751e8b465ee728b)  -> (artifact id: '6169e9397c8e301ae04a569c175c26b6') in 0.117316 seconds 
========================================================================
Received Import Request.
  Time since last request: 0.000195 seconds.
  path: Assets/Animation/goblinAnimation/goblinRun/pixil-frame-3.png
  artifactKey: Guid(31690f653aae14189b0728727c0b11cc) Importer(815301076,1909f56bfc062723c751e8b465ee728b)
Start importing Assets/Animation/goblinAnimation/goblinRun/pixil-frame-3.png using Guid(31690f653aae14189b0728727c0b11cc) Importer(815301076,1909f56bfc062723c751e8b465ee728b)  -> (artifact id: '798cecebe2721604c4e116f79cd4159e') in 0.110982 seconds 
========================================================================
Received Import Request.
  Time since last request: 0.000147 seconds.
  path: Assets/Animation/goblinAnimation/goblinRun/pixil-frame-8.png
  artifactKey: Guid(f33d6691d40464130a6413aeaceb1011) Importer(815301076,1909f56bfc062723c751e8b465ee728b)
Start importing Assets/Animation/goblinAnimation/goblinRun/pixil-frame-8.png using Guid(f33d6691d40464130a6413aeaceb1011) Importer(815301076,1909f56bfc062723c751e8b465ee728b)  -> (artifact id: '3f58bc56e4315cf14b6d2968e06ccc1c') in 0.117354 seconds 
========================================================================
Received Import Request.
  Time since last request: 0.000162 seconds.
  path: Assets/Animation/goblinAnimation/goblinRun/pixil-frame-4.png
  artifactKey: Guid(7570d2f7c8e014a668b2a9add335223a) Importer(815301076,1909f56bfc062723c751e8b465ee728b)
Start importing Assets/Animation/goblinAnimation/goblinRun/pixil-frame-4.png using Guid(7570d2f7c8e014a668b2a9add335223a) Importer(815301076,1909f56bfc062723c751e8b465ee728b)  -> (artifact id: '8f850f388556c7e25509d80b74f86ba8') in 0.144733 seconds 
========================================================================
Received Import Request.
  Time since last request: 0.000191 seconds.
  path: Assets/Animation/goblinAnimation/goblinRun/pixil-frame-7.png
  artifactKey: Guid(76a0b38acdff84e80a254de74cc7f01e) Importer(815301076,1909f56bfc062723c751e8b465ee728b)
Start importing Assets/Animation/goblinAnimation/goblinRun/pixil-frame-7.png using Guid(76a0b38acdff84e80a254de74cc7f01e) Importer(815301076,1909f56bfc062723c751e8b465ee728b)  -> (artifact id: 'a5acd77c90dde7aa0bc035ac353a9c78') in 0.108726 seconds 
========================================================================
Received Prepare
Registering precompiled user dll's ...
Registered in 0.002862 seconds.
Begin MonoManager ReloadAssembly
Symbol file LoadedFromMemory doesn't match image /Users/kiran/Documents/GitHub/DruidGame/Tale of a Druid/Library/PackageCache/com.unity.visualscripting@1.7.6/Editor/VisualScripting.Core/Dependencies/YamlDotNet/Unity.VisualScripting.YamlDotNet.dll
Symbol file LoadedFromMemory is not a mono symbol file
Symbol file LoadedFromMemory doesn't match image /Users/kiran/Documents/GitHub/DruidGame/Tale of a Druid/Library/PackageCache/com.unity.visualscripting@1.7.6/Editor/VisualScripting.Core/Dependencies/DotNetZip/Unity.VisualScripting.IonicZip.dll
Native extension for OSXStandalone target not found
Native extension for WebGL target not found
Refreshing native plugins compatible for Editor in 1.24 ms, found 3 plugins.
Preloading 0 native plugins for Editor in 0.00 ms.
Mono: successfully reloaded assembly
- Completed reload, in  2.322 seconds
Domain Reload Profiling:
	ReloadAssembly (2323ms)
		BeginReloadAssembly (225ms)
			ExecutionOrderSort (0ms)
			DisableScriptedObjects (16ms)
			BackupInstance (0ms)
			ReleaseScriptingObjects (0ms)
			CreateAndSetChildDomain (86ms)
		EndReloadAssembly (1871ms)
			LoadAssemblies (161ms)
			RebuildTransferFunctionScriptingTraits (0ms)
			SetupTypeCache (652ms)
			ReleaseScriptCaches (2ms)
			RebuildScriptCaches (133ms)
			SetupLoadedEditorAssemblies (769ms)
				LogAssemblyErrors (0ms)
				InitializePlatformSupportModulesInManaged (20ms)
				SetLoadedEditorAssemblies (1ms)
				RefreshPlugins (1ms)
				BeforeProcessingInitializeOnLoad (140ms)
				ProcessInitializeOnLoadAttributes (523ms)
				ProcessInitializeOnLoadMethodAttributes (81ms)
				AfterProcessingInitializeOnLoad (2ms)
				EditorAssembliesLoaded (0ms)
			ExecutionOrderSort2 (0ms)
			AwakeInstancesAfterBackupRestoration (19ms)
Platform modules already initialized, skipping
Refreshing native plugins compatible for Editor in 4.66 ms, found 3 plugins.
Preloading 0 native plugins for Editor in 0.00 ms.
Unloading 3943 Unused Serialized files (Serialized files now loaded: 0)
Unloading 30 unused Assets / (174.6 KB). Loaded Objects now: 4407.
Memory consumption went from 265.8 MB to 265.6 MB.
Total: 5.236898 ms (FindLiveObjects: 0.380797 ms CreateObjectMapping: 0.199424 ms MarkObjects: 4.401154 ms  DeleteObjects: 0.253504 ms)

AssetImportParameters requested are different than current active one (requested -> active):
  custom:video-decoder-ogg-theora: a1e56fd34408186e4bbccfd4996cb3dc -> 
  custom:container-muxer-webm: aa71ff27fc2769a1b78a27578f13a17b -> 
  custom:container-demuxer-webm: 4f35f7cbe854078d1ac9338744f61a02 -> 
  custom:video-encoder-webm-vp8: eb34c28f22e8b96e1ab97ce403110664 -> 
  custom:framework-osx-AVFoundation: e770b220cccbd017edd2c1fefb359320 -> 
  custom:audio-encoder-webm-vorbis: bf7c407c2cedff20999df2af8eb42d56 -> 
  custom:container-demuxer-ogg: 62fdf1f143b41e24485cea50d1cbac27 -> 
  custom:video-decoder-webm-vp8: 9c59270c3fd7afecdb556c50c9e8de78 -> 
  custom:audio-decoder-ogg-vorbis: bf7c407c2cedff20999df2af8eb42d56 -> 
